[2025-07-04 17:33:10 : INFO] - Cache for URL: https://www.diezaunprofis.at/agb/ has been purged, triggered by action: save_post 
[2025-07-04 18:02:00 : INFO] - Cache for URL: https://www.diezaunprofis.at/latestnews/title/ has been purged, triggered by action: save_post 
[2025-07-04 18:02:00 : INFO] - Cache for archive page associated with post_type: latestnews and Title: "Title" has been purged, triggered by action: save_post 
[2025-07-04 18:02:01 : INFO] - Cache for URL: https://www.diezaunprofis.at/latestnews/title/ has been purged, triggered by action: save_post 
[2025-07-04 18:02:01 : INFO] - Cache for archive page associated with post_type: latestnews and Title: "Title" has been purged, triggered by action: save_post 
[2025-07-04 18:02:23 : INFO] - Cache for URL: https://www.diezaunprofis.at/latestnews/title/ has been purged, triggered by action: save_post 
[2025-07-04 18:02:23 : INFO] - Cache for archive page associated with post_type: latestnews and Title: "Title" has been purged, triggered by action: save_post 
[2025-07-04 18:02:24 : INFO] - Cache for URL: https://www.diezaunprofis.at/latestnews/title/ has been purged, triggered by action: save_post 
[2025-07-04 18:02:24 : INFO] - Cache for archive page associated with post_type: latestnews and Title: "Title" has been purged, triggered by action: save_post 
[2025-07-07 10:20:53 : INFO] - Cache for URL: https://www.diezaunprofis.at/latestnews/title/ has been purged, triggered by action: save_post 
[2025-07-07 10:20:53 : INFO] - Cache for archive page associated with post_type: latestnews and Title: "Angebot des Monats" has been purged, triggered by action: save_post 
[2025-07-07 10:20:54 : INFO] - Cache for URL: https://www.diezaunprofis.at/latestnews/title/ has been purged, triggered by action: save_post 
[2025-07-07 10:20:54 : INFO] - Cache for archive page associated with post_type: latestnews and Title: "Angebot des Monats" has been purged, triggered by action: save_post 
[2025-07-07 10:25:43 : INFO] - Cache for URL: https://www.diezaunprofis.at/latestnews/title/ has been purged, triggered by action: save_post 
[2025-07-07 10:25:43 : INFO] - Cache for archive page associated with post_type: latestnews and Title: "Angebot des Monats" has been purged, triggered by action: save_post 
[2025-07-07 10:25:44 : INFO] - Cache for URL: https://www.diezaunprofis.at/latestnews/title/ has been purged, triggered by action: save_post 
[2025-07-07 10:25:44 : INFO] - Cache for archive page associated with post_type: latestnews and Title: "Angebot des Monats" has been purged, triggered by action: save_post 
[2025-07-07 10:29:00 : INFO] - Cache for URL: https://www.diezaunprofis.at/products/stahlzaeune/ has been purged, triggered by action: save_post 
[2025-07-07 10:29:00 : INFO] - Cache for archive page associated with post_type: products and Title: "Massive Stahlzäune" has been purged, triggered by action: save_post 
[2025-07-07 10:29:01 : INFO] - Cache for URL: https://www.diezaunprofis.at/products/stahlzaeune/ has been purged, triggered by action: save_post 
[2025-07-07 10:29:01 : INFO] - Cache for archive page associated with post_type: products and Title: "Massive Stahlzäune" has been purged, triggered by action: save_post 
[2025-07-07 10:29:20 : INFO] - Cache for URL: https://www.diezaunprofis.at/products/stahlzaeune/ has been purged, triggered by action: save_post 
[2025-07-07 10:29:20 : INFO] - Cache for archive page associated with post_type: products and Title: "Massive Stahlzäune" has been purged, triggered by action: save_post 
[2025-07-07 10:29:21 : INFO] - Cache for URL: https://www.diezaunprofis.at/products/stahlzaeune/ has been purged, triggered by action: save_post 
[2025-07-07 10:29:21 : INFO] - Cache for archive page associated with post_type: products and Title: "Massive Stahlzäune" has been purged, triggered by action: save_post 
[2025-07-07 10:30:58 : INFO] - Cache for URL: https://www.diezaunprofis.at/products/stahlzaeune/ has been purged, triggered by action: save_post 
[2025-07-07 10:30:58 : INFO] - Cache for archive page associated with post_type: products and Title: "Massive Stahlzäune" has been purged, triggered by action: save_post 
[2025-07-07 10:31:00 : INFO] - Cache for URL: https://www.diezaunprofis.at/products/stahlzaeune/ has been purged, triggered by action: save_post 
[2025-07-07 10:31:00 : INFO] - Cache for archive page associated with post_type: products and Title: "Massive Stahlzäune" has been purged, triggered by action: save_post 
[2025-07-07 10:36:17 : INFO] - Full Cache Purge triggered by: plugin activation/deactivation 
[2025-07-07 10:46:17 : INFO] - Full Cache Purge triggered by: plugin activation/deactivation 
[2025-07-07 10:46:29 : INFO] - Full Cache Purge triggered by: plugin activation/deactivation 
[2025-07-07 10:55:34 : INFO] - Full Cache Purge triggered by: plugin activation/deactivation 
[2025-07-07 10:55:38 : INFO] - Full Cache Purge triggered by: plugin activation/deactivation 
[2025-07-07 11:45:18 : INFO] - Full Cache Purge triggered by: plugin activation/deactivation 
[2025-07-07 11:47:13 : INFO] - Full Cache Purge triggered by: plugin activation/deactivation 
[2025-07-07 11:56:42 : INFO] - Cache for URL: https://www.diezaunprofis.at/products/ballfangzaeune-sportplatzsicherung/ has been purged, triggered by action: save_post 
[2025-07-07 11:56:42 : INFO] - Cache for archive page associated with post_type: products and Title: "Ballfangzäune Sportplatzsicherung" has been purged, triggered by action: save_post 
[2025-07-07 11:56:43 : INFO] - Cache for URL: https://www.diezaunprofis.at/products/ballfangzaeune-sportplatzsicherung/ has been purged, triggered by action: save_post 
[2025-07-07 11:56:43 : INFO] - Cache for archive page associated with post_type: products and Title: "Ballfangzäune Sportplatzsicherung" has been purged, triggered by action: save_post 
[2025-07-07 11:57:11 : INFO] - Cache for URL: https://www.diezaunprofis.at/products/ballfangzaeune-sportplatzsicherung/ has been purged, triggered by action: save_post 
[2025-07-07 11:57:11 : INFO] - Cache for archive page associated with post_type: products and Title: "Ballfangzäune Sportplatzsicherung" has been purged, triggered by action: save_post 
[2025-07-07 11:57:13 : INFO] - Cache for URL: https://www.diezaunprofis.at/products/ballfangzaeune-sportplatzsicherung/ has been purged, triggered by action: save_post 
[2025-07-07 11:57:13 : INFO] - Cache for archive page associated with post_type: products and Title: "Ballfangzäune Sportplatzsicherung" has been purged, triggered by action: save_post 
[2025-07-07 11:57:31 : INFO] - Cache for URL: https://www.diezaunprofis.at/products/ballfangzaeune-sportplatzsicherung/ has been purged, triggered by action: save_post 
[2025-07-07 11:57:31 : INFO] - Cache for archive page associated with post_type: products and Title: "Ballfangzäune Sportplatzsicherung" has been purged, triggered by action: save_post 
[2025-07-07 11:57:32 : INFO] - Cache for URL: https://www.diezaunprofis.at/products/ballfangzaeune-sportplatzsicherung/ has been purged, triggered by action: save_post 
[2025-07-07 11:57:32 : INFO] - Cache for archive page associated with post_type: products and Title: "Ballfangzäune Sportplatzsicherung" has been purged, triggered by action: save_post 
[2025-07-07 11:57:57 : INFO] - Cache for URL: https://www.diezaunprofis.at/products/ballfangzaeune-sportplatzsicherung/ has been purged, triggered by action: save_post 
[2025-07-07 11:57:57 : INFO] - Cache for archive page associated with post_type: products and Title: "Ballfangzäune Sportplatzsicherung" has been purged, triggered by action: save_post 
[2025-07-07 11:57:59 : INFO] - Cache for URL: https://www.diezaunprofis.at/products/ballfangzaeune-sportplatzsicherung/ has been purged, triggered by action: save_post 
[2025-07-07 11:57:59 : INFO] - Cache for archive page associated with post_type: products and Title: "Ballfangzäune Sportplatzsicherung" has been purged, triggered by action: save_post 
[2025-07-07 12:11:14 : INFO] - Cache for URL: https://www.diezaunprofis.at/bildergalerie-projekte-und-referenzen/ has been purged, triggered by action: save_post 
[2025-07-07 12:11:16 : INFO] - Cache for URL: https://www.diezaunprofis.at/bildergalerie-projekte-und-referenzen/ has been purged, triggered by action: save_post 
[2025-07-07 12:11:47 : INFO] - Full Cache Purge triggered by: plugin activation/deactivation 
[2025-07-07 12:11:54 : INFO] - Full Cache Purge triggered by: plugin activation/deactivation 
[2025-07-07 12:12:29 : INFO] - Cache for URL: https://www.diezaunprofis.at/bildergalerie-projekte-und-referenzen/ has been purged, triggered by action: save_post 
[2025-07-07 12:12:30 : INFO] - Cache for URL: https://www.diezaunprofis.at/bildergalerie-projekte-und-referenzen/ has been purged, triggered by action: save_post 
[2025-07-07 12:17:19 : INFO] - Cache for URL: https://www.diezaunprofis.at/products/ballfangzaeune-sportplatzsicherung/ has been purged, triggered by action: save_post 
[2025-07-07 12:17:19 : INFO] - Cache for archive page associated with post_type: products and Title: "Ballfangzäune Sportplatzsicherung" has been purged, triggered by action: save_post 
[2025-07-07 12:17:21 : INFO] - Cache for URL: https://www.diezaunprofis.at/products/ballfangzaeune-sportplatzsicherung/ has been purged, triggered by action: save_post 
[2025-07-07 12:17:21 : INFO] - Cache for archive page associated with post_type: products and Title: "Ballfangzäune Sportplatzsicherung" has been purged, triggered by action: save_post 
[2025-07-07 12:17:39 : INFO] - Cache for URL: https://www.diezaunprofis.at/products/ballfangzaeune-sportplatzsicherung/ has been purged, triggered by action: save_post 
[2025-07-07 12:17:39 : INFO] - Cache for archive page associated with post_type: products and Title: "Ballfangzäune Sportplatzsicherung" has been purged, triggered by action: save_post 
[2025-07-07 12:17:40 : INFO] - Cache for URL: https://www.diezaunprofis.at/products/ballfangzaeune-sportplatzsicherung/ has been purged, triggered by action: save_post 
[2025-07-07 12:17:40 : INFO] - Cache for archive page associated with post_type: products and Title: "Ballfangzäune Sportplatzsicherung" has been purged, triggered by action: save_post 
[2025-07-07 12:17:55 : INFO] - Cache for URL: https://www.diezaunprofis.at/products/ballfangzaeune-sportplatzsicherung/ has been purged, triggered by action: save_post 
[2025-07-07 12:17:55 : INFO] - Cache for archive page associated with post_type: products and Title: "Ballfangzäune Sportplatzsicherung" has been purged, triggered by action: save_post 
[2025-07-07 12:17:57 : INFO] - Cache for URL: https://www.diezaunprofis.at/products/ballfangzaeune-sportplatzsicherung/ has been purged, triggered by action: save_post 
[2025-07-07 12:17:57 : INFO] - Cache for archive page associated with post_type: products and Title: "Ballfangzäune Sportplatzsicherung" has been purged, triggered by action: save_post 
[2025-07-07 12:18:11 : INFO] - Cache for URL: https://www.diezaunprofis.at/?post_type=products&p=2027 has been purged, triggered by action: save_post 
[2025-07-07 12:18:11 : INFO] - Cache for archive page associated with post_type: products and Title: "Automatisch gespeicherter Entwurf" has been purged, triggered by action: save_post 
[2025-07-07 12:18:13 : INFO] - Cache for URL: https://www.diezaunprofis.at/?post_type=products&p=2028 has been purged, triggered by action: save_post 
[2025-07-07 12:18:13 : INFO] - Cache for archive page associated with post_type: products and Title: "Automatisch gespeicherter Entwurf" has been purged, triggered by action: save_post 
[2025-07-07 12:18:58 : INFO] - Cache for URL: https://www.diezaunprofis.at/products/test-gallery/ has been purged, triggered by action: save_post 
[2025-07-07 12:18:58 : INFO] - Cache for archive page associated with post_type: products and Title: "test gallery" has been purged, triggered by action: save_post 
[2025-07-07 12:18:59 : INFO] - Cache for URL: https://www.diezaunprofis.at/products/test-gallery/ has been purged, triggered by action: save_post 
[2025-07-07 12:18:59 : INFO] - Cache for archive page associated with post_type: products and Title: "test gallery" has been purged, triggered by action: save_post 
[2025-07-07 12:19:22 : INFO] - Cache for URL: https://www.diezaunprofis.at/products/test-gallery/ has been purged, triggered by action: save_post 
[2025-07-07 12:19:22 : INFO] - Cache for archive page associated with post_type: products and Title: "test gallery" has been purged, triggered by action: save_post 
[2025-07-07 12:19:23 : INFO] - Cache for URL: https://www.diezaunprofis.at/products/test-gallery/ has been purged, triggered by action: save_post 
[2025-07-07 12:19:23 : INFO] - Cache for archive page associated with post_type: products and Title: "test gallery" has been purged, triggered by action: save_post 
[2025-07-07 12:19:41 : INFO] - Cache for URL: https://www.diezaunprofis.at/products/test-gallery/ has been purged, triggered by action: save_post 
[2025-07-07 12:19:41 : INFO] - Cache for archive page associated with post_type: products and Title: "test gallery" has been purged, triggered by action: save_post 
[2025-07-07 12:19:42 : INFO] - Cache for URL: https://www.diezaunprofis.at/products/test-gallery/ has been purged, triggered by action: save_post 
[2025-07-07 12:19:42 : INFO] - Cache for archive page associated with post_type: products and Title: "test gallery" has been purged, triggered by action: save_post 
[2025-07-07 12:20:01 : INFO] - Cache for URL: https://www.diezaunprofis.at/products/test-gallery/ has been purged, triggered by action: save_post 
[2025-07-07 12:20:01 : INFO] - Cache for archive page associated with post_type: products and Title: "test gallery" has been purged, triggered by action: save_post 
[2025-07-07 12:20:02 : INFO] - Cache for URL: https://www.diezaunprofis.at/products/test-gallery/ has been purged, triggered by action: save_post 
[2025-07-07 12:20:02 : INFO] - Cache for archive page associated with post_type: products and Title: "test gallery" has been purged, triggered by action: save_post 
[2025-07-07 12:20:51 : INFO] - Cache for URL: https://www.diezaunprofis.at/products/test-gallery/ has been purged, triggered by action: save_post 
[2025-07-07 12:20:51 : INFO] - Cache for archive page associated with post_type: products and Title: "test gallery" has been purged, triggered by action: save_post 
[2025-07-07 12:20:52 : INFO] - Cache for URL: https://www.diezaunprofis.at/products/test-gallery/ has been purged, triggered by action: save_post 
[2025-07-07 12:20:52 : INFO] - Cache for archive page associated with post_type: products and Title: "test gallery" has been purged, triggered by action: save_post 
[2025-07-07 12:21:44 : INFO] - Cache for URL: https://www.diezaunprofis.at/products/test-gallery/ has been purged, triggered by action: save_post 
[2025-07-07 12:21:44 : INFO] - Cache for archive page associated with post_type: products and Title: "test gallery" has been purged, triggered by action: save_post 
[2025-07-07 12:21:45 : INFO] - Cache for URL: https://www.diezaunprofis.at/products/test-gallery/ has been purged, triggered by action: save_post 
[2025-07-07 12:21:45 : INFO] - Cache for archive page associated with post_type: products and Title: "test gallery" has been purged, triggered by action: save_post 
[2025-07-07 12:23:28 : INFO] - Cache for URL: https://www.diezaunprofis.at/products/stahlzaeune/ has been purged, triggered by action: save_post 
[2025-07-07 12:23:28 : INFO] - Cache for archive page associated with post_type: products and Title: "Massive Stahlzäune" has been purged, triggered by action: save_post 
[2025-07-07 12:23:29 : INFO] - Cache for URL: https://www.diezaunprofis.at/products/stahlzaeune/ has been purged, triggered by action: save_post 
[2025-07-07 12:23:29 : INFO] - Cache for archive page associated with post_type: products and Title: "Massive Stahlzäune" has been purged, triggered by action: save_post 
[2025-07-07 12:28:52 : INFO] - Cache for URL: https://www.diezaunprofis.at/products/test-gallery/ has been purged, triggered by action: save_post 
[2025-07-07 12:28:52 : INFO] - Cache for archive page associated with post_type: products and Title: "test gallery" has been purged, triggered by action: save_post 
[2025-07-07 12:28:54 : INFO] - Cache for URL: https://www.diezaunprofis.at/products/test-gallery/ has been purged, triggered by action: save_post 
[2025-07-07 12:28:54 : INFO] - Cache for archive page associated with post_type: products and Title: "test gallery" has been purged, triggered by action: save_post 
[2025-07-07 12:31:11 : INFO] - Cache for URL: https://www.diezaunprofis.at/products/stahlzaeune/ has been purged, triggered by action: save_post 
[2025-07-07 12:31:11 : INFO] - Cache for archive page associated with post_type: products and Title: "Massive Stahlzäune" has been purged, triggered by action: save_post 
[2025-07-07 12:31:12 : INFO] - Cache for URL: https://www.diezaunprofis.at/products/stahlzaeune/ has been purged, triggered by action: save_post 
[2025-07-07 12:31:12 : INFO] - Cache for archive page associated with post_type: products and Title: "Massive Stahlzäune" has been purged, triggered by action: save_post 
[2025-07-07 12:36:34 : INFO] - Cache for URL: https://www.diezaunprofis.at/products/test-gallery/ has been purged, triggered by action: save_post 
[2025-07-07 12:36:34 : INFO] - Cache for archive page associated with post_type: products and Title: "test gallery" has been purged, triggered by action: save_post 
[2025-07-07 12:36:35 : INFO] - Cache for URL: https://www.diezaunprofis.at/products/test-gallery/ has been purged, triggered by action: save_post 
[2025-07-07 12:36:35 : INFO] - Cache for archive page associated with post_type: products and Title: "test gallery" has been purged, triggered by action: save_post 
[2025-07-07 12:37:07 : INFO] - Cache for URL: https://www.diezaunprofis.at/products/test-gallery/ has been purged, triggered by action: save_post 
[2025-07-07 12:37:07 : INFO] - Cache for archive page associated with post_type: products and Title: "test gallery" has been purged, triggered by action: save_post 
[2025-07-07 12:37:09 : INFO] - Cache for URL: https://www.diezaunprofis.at/products/test-gallery/ has been purged, triggered by action: save_post 
[2025-07-07 12:37:09 : INFO] - Cache for archive page associated with post_type: products and Title: "test gallery" has been purged, triggered by action: save_post 
[2025-07-07 12:37:48 : INFO] - Cache for URL: https://www.diezaunprofis.at/products/test-gallery/ has been purged, triggered by action: save_post 
[2025-07-07 12:37:48 : INFO] - Cache for archive page associated with post_type: products and Title: "test gallery" has been purged, triggered by action: save_post 
[2025-07-07 12:37:49 : INFO] - Cache for URL: https://www.diezaunprofis.at/products/test-gallery/ has been purged, triggered by action: save_post 
[2025-07-07 12:37:49 : INFO] - Cache for archive page associated with post_type: products and Title: "test gallery" has been purged, triggered by action: save_post 
[2025-07-07 12:37:56 : INFO] - Cache for URL: https://www.diezaunprofis.at/products/test-gallery/ has been purged, triggered by action: save_post 
[2025-07-07 12:37:56 : INFO] - Cache for archive page associated with post_type: products and Title: "test gallery" has been purged, triggered by action: save_post 
[2025-07-07 12:37:58 : INFO] - Cache for URL: https://www.diezaunprofis.at/products/test-gallery/ has been purged, triggered by action: save_post 
[2025-07-07 12:37:58 : INFO] - Cache for archive page associated with post_type: products and Title: "test gallery" has been purged, triggered by action: save_post 
[2025-07-07 12:38:16 : INFO] - Cache for URL: https://www.diezaunprofis.at/products/test-gallery/ has been purged, triggered by action: save_post 
[2025-07-07 12:38:16 : INFO] - Cache for archive page associated with post_type: products and Title: "test gallery" has been purged, triggered by action: save_post 
[2025-07-07 12:38:18 : INFO] - Cache for URL: https://www.diezaunprofis.at/products/test-gallery/ has been purged, triggered by action: save_post 
[2025-07-07 12:38:18 : INFO] - Cache for archive page associated with post_type: products and Title: "test gallery" has been purged, triggered by action: save_post 
[2025-07-07 14:55:45 : INFO] - Full Cache Purge triggered by: plugin activation/deactivation 
[2025-07-07 14:55:53 : INFO] - Full Cache Purge triggered by: plugin activation/deactivation 
[2025-07-07 19:29:47 : INFO] - Cache for URL: https://www.diezaunprofis.at/?p=2032 has been purged, triggered by action: save_post 
[2025-07-07 19:29:47 : INFO] - Cache for all archives page associated with post_type: post and Title: "Automatisch gespeicherter Entwurf" have been purged, triggered by action: save_post 
[2025-07-07 19:34:38 : INFO] - Cache for URL: https://www.diezaunprofis.at/?post_type=products&p=2028 has been purged, triggered by action: save_post 
[2025-07-07 19:34:38 : INFO] - Cache for archive page associated with post_type: products and Title: "test gallery" has been purged, triggered by action: save_post 
[2025-07-07 19:34:40 : INFO] - Cache for URL: https://www.diezaunprofis.at/?post_type=products&p=2028 has been purged, triggered by action: save_post 
[2025-07-07 19:34:40 : INFO] - Cache for archive page associated with post_type: products and Title: "test gallery" has been purged, triggered by action: save_post 
[2025-07-08 09:08:37 : INFO] - Cache for URL: https://www.diezaunprofis.at/agb/ has been purged, triggered by action: save_post 
[2025-07-08 09:08:39 : INFO] - Cache for URL: https://www.diezaunprofis.at/agb/ has been purged, triggered by action: save_post 
[2025-07-08 09:15:27 : INFO] - Cache for URL: https://www.diezaunprofis.at/contact/cookie-richtlinie/ has been purged, triggered by action: save_post 
[2025-07-08 09:15:29 : INFO] - Cache for URL: https://www.diezaunprofis.at/contact/cookie-richtlinie/ has been purged, triggered by action: save_post 
[2025-07-08 09:20:09 : INFO] - Cache for URL: https://www.diezaunprofis.at/contact/cookie-richtlinie/ has been purged, triggered by action: save_post 
[2025-07-08 09:20:10 : INFO] - Cache for URL: https://www.diezaunprofis.at/contact/cookie-richtlinie/ has been purged, triggered by action: save_post 
[2025-07-08 09:27:14 : INFO] - Cache for URL: https://www.diezaunprofis.at/datenschutzerklaerung/ has been purged, triggered by action: save_post 
[2025-07-08 09:27:15 : INFO] - Cache for URL: https://www.diezaunprofis.at/datenschutzerklaerung/ has been purged, triggered by action: save_post 
[2025-07-08 09:27:36 : INFO] - Cache for URL: https://www.diezaunprofis.at/datenschutzerklaerung/ has been purged, triggered by action: save_post 
[2025-07-08 09:27:38 : INFO] - Cache for URL: https://www.diezaunprofis.at/datenschutzerklaerung/ has been purged, triggered by action: save_post 
[2025-07-08 09:29:12 : INFO] - Cache for URL: https://www.diezaunprofis.at/datenschutzerklaerung/ has been purged, triggered by action: save_post 
[2025-07-08 09:29:13 : INFO] - Cache for URL: https://www.diezaunprofis.at/datenschutzerklaerung/ has been purged, triggered by action: save_post 
[2025-07-08 09:39:54 : INFO] - Cache for URL: https://www.diezaunprofis.at/products/doppelstabmattenzaun-goliath-8-6-8-mm/ has been purged, triggered by action: save_post 
[2025-07-08 09:39:54 : INFO] - Cache for archive page associated with post_type: products and Title: "Doppelstabmattenzaun Goliath 8/6/8 mm" has been purged, triggered by action: save_post 
[2025-07-08 09:39:56 : INFO] - Cache for URL: https://www.diezaunprofis.at/products/doppelstabmattenzaun-goliath-8-6-8-mm/ has been purged, triggered by action: save_post 
[2025-07-08 09:39:56 : INFO] - Cache for archive page associated with post_type: products and Title: "Doppelstabmattenzaun Goliath 8/6/8 mm" has been purged, triggered by action: save_post 
[2025-07-08 09:45:40 : INFO] - Cache for URL: https://www.diezaunprofis.at/products/stahlzaeune/ has been purged, triggered by action: save_post 
[2025-07-08 09:45:40 : INFO] - Cache for archive page associated with post_type: products and Title: "MASSIVE STAHLZÄUNE" has been purged, triggered by action: save_post 
[2025-07-08 09:45:41 : INFO] - Cache for URL: https://www.diezaunprofis.at/products/stahlzaeune/ has been purged, triggered by action: save_post 
[2025-07-08 09:45:41 : INFO] - Cache for archive page associated with post_type: products and Title: "MASSIVE STAHLZÄUNE" has been purged, triggered by action: save_post 
[2025-07-08 09:46:21 : INFO] - Cache for URL: https://www.diezaunprofis.at/products/stahlzaeune/ has been purged, triggered by action: save_post 
[2025-07-08 09:46:21 : INFO] - Cache for archive page associated with post_type: products and Title: "MASSIVE STAHLZÄUNE" has been purged, triggered by action: save_post 
[2025-07-08 09:46:22 : INFO] - Cache for URL: https://www.diezaunprofis.at/products/stahlzaeune/ has been purged, triggered by action: save_post 
[2025-07-08 09:46:22 : INFO] - Cache for archive page associated with post_type: products and Title: "MASSIVE STAHLZÄUNE" has been purged, triggered by action: save_post 
[2025-07-08 09:47:07 : INFO] - Cache for URL: https://www.diezaunprofis.at/products/massive-stahlzaeune/ has been purged, triggered by action: save_post 
[2025-07-08 09:47:07 : INFO] - Cache for archive page associated with post_type: products and Title: "MASSIVE STAHLZÄUNE" has been purged, triggered by action: save_post 
[2025-07-08 09:47:08 : INFO] - Cache for URL: https://www.diezaunprofis.at/products/massive-stahlzaeune/ has been purged, triggered by action: save_post 
[2025-07-08 09:47:08 : INFO] - Cache for archive page associated with post_type: products and Title: "MASSIVE STAHLZÄUNE" has been purged, triggered by action: save_post 
[2025-07-08 09:48:16 : INFO] - Cache for URL: https://www.diezaunprofis.at/products/massive-stahlzaeune/ has been purged, triggered by action: save_post 
[2025-07-08 09:48:16 : INFO] - Cache for archive page associated with post_type: products and Title: "MASSIVE STAHLZÄUNE" has been purged, triggered by action: save_post 
[2025-07-08 09:48:17 : INFO] - Cache for URL: https://www.diezaunprofis.at/products/massive-stahlzaeune/ has been purged, triggered by action: save_post 
[2025-07-08 09:48:17 : INFO] - Cache for archive page associated with post_type: products and Title: "MASSIVE STAHLZÄUNE" has been purged, triggered by action: save_post 
[2025-07-08 09:48:28 : INFO] - Cache for URL: https://www.diezaunprofis.at/products/massive-stahlzaeune/ has been purged, triggered by action: save_post 
[2025-07-08 09:48:28 : INFO] - Cache for archive page associated with post_type: products and Title: "MASSIVE STAHLZÄUNE" has been purged, triggered by action: save_post 
[2025-07-08 09:48:29 : INFO] - Cache for URL: https://www.diezaunprofis.at/products/massive-stahlzaeune/ has been purged, triggered by action: save_post 
[2025-07-08 09:48:29 : INFO] - Cache for archive page associated with post_type: products and Title: "MASSIVE STAHLZÄUNE" has been purged, triggered by action: save_post 
[2025-07-08 09:50:07 : INFO] - Cache for URL: https://www.diezaunprofis.at/products/massive-stahlzaeune/ has been purged, triggered by action: save_post 
[2025-07-08 09:50:07 : INFO] - Cache for archive page associated with post_type: products and Title: "Massive Stahlzaune" has been purged, triggered by action: save_post 
[2025-07-08 09:50:09 : INFO] - Cache for URL: https://www.diezaunprofis.at/products/massive-stahlzaeune/ has been purged, triggered by action: save_post 
[2025-07-08 09:50:09 : INFO] - Cache for archive page associated with post_type: products and Title: "Massive Stahlzaune" has been purged, triggered by action: save_post 
[2025-07-08 10:08:55 : INFO] - Cache for URL: https://www.diezaunprofis.at/?page_id=2043 has been purged, triggered by action: save_post 
[2025-07-08 11:57:43 : INFO] - Cache for URL: https://www.diezaunprofis.at/?page_id=2045 has been purged, triggered by action: save_post 
[2025-07-08 11:58:59 : INFO] - Cache for URL: https://www.diezaunprofis.at/test/ has been purged, triggered by action: save_post 
[2025-07-08 11:59:00 : INFO] - Cache for URL: https://www.diezaunprofis.at/test/ has been purged, triggered by action: save_post 
[2025-07-08 12:00:22 : INFO] - Cache for URL: https://www.diezaunprofis.at/?page_id=2045 has been purged, triggered by action: save_post 
[2025-07-08 12:02:48 : INFO] - Cache for URL: https://www.diezaunprofis.at/test/ has been purged, triggered by action: save_post 
[2025-07-08 12:02:49 : INFO] - Cache for URL: https://www.diezaunprofis.at/test/ has been purged, triggered by action: save_post 
[2025-07-08 12:59:27 : INFO] - Cache for URL: https://www.diezaunprofis.at/test/ has been purged, triggered by action: wp_trash_post 
[2025-07-08 12:59:27 : INFO] - Cache for URL: https://www.diezaunprofis.at/?page_id=2045 has been purged, triggered by action: save_post 
[2025-07-09 07:42:27 : INFO] - Full Cache Purge triggered by: plugin activation/deactivation 
[2025-07-09 08:13:56 : INFO] - Full Cache Purge triggered by: plugin activation/deactivation 
[2025-07-09 08:14:12 : INFO] - Full Cache Purge triggered by: plugin activation/deactivation 
[2025-07-09 08:32:45 : INFO] - Pruning the Cache log file 
[2025-07-09 08:34:24 : INFO] - Full Cache Purge triggered by: WP_Optimize_Cache_Commands::purge_page_cache 
[2025-07-09 10:47:09 : INFO] - Full Cache Purge triggered by: plugin activation/deactivation 
[2025-07-09 10:47:43 : INFO] - Full Cache Purge triggered by: plugin activation/deactivation 
[2025-07-09 10:52:08 : INFO] - Full Cache Purge triggered by: plugin activation/deactivation 
[2025-07-10 07:41:45 : INFO] - Full Cache Purge triggered by: WP_Optimize_Cache_Commands::purge_page_cache 
[2025-07-10 07:41:48 : INFO] - Full Cache Purge triggered by: WP_Optimize_Cache_Commands::purge_page_cache 
[2025-07-10 07:42:43 : INFO] - Full Cache Purge triggered by: plugin activation/deactivation 
[2025-07-10 07:42:43 : INFO] - Full Cache Purge triggered by: WPO_Page_Cache::disable 
[2025-07-10 07:42:43 : INFO] - Full Cache Purge triggered by: WP_Optimize_Minify_Cache_Functions::purge_others 
